<?xml version="1.0" encoding="UTF-8"?>
<testsuite name="org.example.StaticMethodExampleTest" tests="1" skipped="0" failures="0" errors="0" timestamp="2024-02-11T12:05:28" hostname="DESKTOP-DKU5PQF" time="2.146">
  <properties/>
  <testcase name="testGetNanoNow()" classname="org.example.StaticMethodExampleTest" time="2.146"/>
  <system-out><![CDATA[]]></system-out>
  <system-err><![CDATA[]]></system-err>
</testsuite>
